{"/Users/fernandes/dev/water-control/api/src/app.module.ts": {"path":"/Users/fernandes/dev/water-control/api/src/app.module.ts","statementMap":{"0":{"start":{"line":1,"column":0},"end":{"line":1,"column":40}},"1":{"start":{"line":2,"column":0},"end":{"line":2,"column":46}},"2":{"start":{"line":3,"column":0},"end":{"line":3,"column":48}},"3":{"start":{"line":4,"column":0},"end":{"line":4,"column":55}},"4":{"start":{"line":5,"column":0},"end":{"line":5,"column":54}},"5":{"start":{"line":6,"column":0},"end":{"line":6,"column":48}},"6":{"start":{"line":7,"column":0},"end":{"line":7,"column":70}},"7":{"start":{"line":26,"column":7},"end":{"line":26,"column":null}},"8":{"start":{"line":26,"column":13},"end":{"line":26,"column":null}},"9":{"start":{"line":26,"column":13},"end":{"line":26,"column":22}}},"fnMap":{},"branchMap":{},"s":{"0":2,"1":2,"2":2,"3":2,"4":2,"5":2,"6":2,"7":2,"8":2,"9":2},"f":{},"b":{}}
,"/Users/fernandes/dev/water-control/api/src/device/device.module.ts": {"path":"/Users/fernandes/dev/water-control/api/src/device/device.module.ts","statementMap":{"0":{"start":{"line":1,"column":0},"end":{"line":1,"column":40}},"1":{"start":{"line":2,"column":0},"end":{"line":2,"column":48}},"2":{"start":{"line":3,"column":0},"end":{"line":3,"column":49}},"3":{"start":{"line":4,"column":0},"end":{"line":4,"column":66}},"4":{"start":{"line":5,"column":0},"end":{"line":5,"column":48}},"5":{"start":{"line":6,"column":0},"end":{"line":6,"column":57}},"6":{"start":{"line":7,"column":0},"end":{"line":7,"column":63}},"7":{"start":{"line":8,"column":0},"end":{"line":8,"column":72}},"8":{"start":{"line":15,"column":7},"end":{"line":15,"column":null}},"9":{"start":{"line":15,"column":13},"end":{"line":15,"column":null}},"10":{"start":{"line":15,"column":13},"end":{"line":15,"column":25}}},"fnMap":{},"branchMap":{},"s":{"0":2,"1":2,"2":2,"3":2,"4":2,"5":2,"6":2,"7":2,"8":2,"9":2,"10":2},"f":{},"b":{}}
,"/Users/fernandes/dev/water-control/api/src/device/entity/device-history.entity.ts": {"path":"/Users/fernandes/dev/water-control/api/src/device/entity/device-history.entity.ts","statementMap":{"0":{"start":{"line":1,"column":0},"end":{"line":1,"column":76}},"1":{"start":{"line":2,"column":0},"end":{"line":2,"column":41}},"2":{"start":{"line":5,"column":7},"end":{"line":22,"column":null}},"3":{"start":{"line":6,"column":2},"end":{"line":7,"column":null}},"4":{"start":{"line":9,"column":2},"end":{"line":10,"column":null}},"5":{"start":{"line":12,"column":2},"end":{"line":13,"column":null}},"6":{"start":{"line":15,"column":2},"end":{"line":16,"column":null}},"7":{"start":{"line":18,"column":2},"end":{"line":21,"column":null}},"8":{"start":{"line":18,"column":19},"end":{"line":18,"column":25}},"9":{"start":{"line":18,"column":39},"end":{"line":18,"column":60}},"10":{"start":{"line":5,"column":13},"end":{"line":22,"column":null}},"11":{"start":{"line":5,"column":13},"end":{"line":5,"column":26}}},"fnMap":{"0":{"name":"(anonymous_2)","decl":{"start":{"line":18,"column":13},"end":{"line":18,"column":16}},"loc":{"start":{"line":18,"column":19},"end":{"line":18,"column":25}}},"1":{"name":"(anonymous_3)","decl":{"start":{"line":18,"column":27},"end":{"line":18,"column":28}},"loc":{"start":{"line":18,"column":39},"end":{"line":18,"column":60}}}},"branchMap":{},"s":{"0":2,"1":2,"2":2,"3":2,"4":2,"5":2,"6":2,"7":2,"8":4,"9":4,"10":2,"11":2},"f":{"0":4,"1":4},"b":{}}
,"/Users/fernandes/dev/water-control/api/src/device/entity/device.entity.ts": {"path":"/Users/fernandes/dev/water-control/api/src/device/entity/device.entity.ts","statementMap":{"0":{"start":{"line":1,"column":0},"end":{"line":1,"column":76}},"1":{"start":{"line":2,"column":0},"end":{"line":2,"column":56}},"2":{"start":{"line":5,"column":7},"end":{"line":40,"column":null}},"3":{"start":{"line":6,"column":2},"end":{"line":7,"column":null}},"4":{"start":{"line":9,"column":2},"end":{"line":10,"column":null}},"5":{"start":{"line":12,"column":2},"end":{"line":13,"column":null}},"6":{"start":{"line":15,"column":2},"end":{"line":16,"column":null}},"7":{"start":{"line":18,"column":2},"end":{"line":19,"column":null}},"8":{"start":{"line":21,"column":2},"end":{"line":22,"column":null}},"9":{"start":{"line":24,"column":2},"end":{"line":25,"column":null}},"10":{"start":{"line":27,"column":2},"end":{"line":28,"column":null}},"11":{"start":{"line":31,"column":2},"end":{"line":32,"column":null}},"12":{"start":{"line":35,"column":2},"end":{"line":36,"column":null}},"13":{"start":{"line":38,"column":2},"end":{"line":39,"column":null}},"14":{"start":{"line":38,"column":19},"end":{"line":38,"column":32}},"15":{"start":{"line":38,"column":54},"end":{"line":38,"column":75}},"16":{"start":{"line":5,"column":13},"end":{"line":40,"column":null}},"17":{"start":{"line":5,"column":13},"end":{"line":5,"column":19}}},"fnMap":{"0":{"name":"(anonymous_2)","decl":{"start":{"line":38,"column":13},"end":{"line":38,"column":16}},"loc":{"start":{"line":38,"column":19},"end":{"line":38,"column":32}}},"1":{"name":"(anonymous_3)","decl":{"start":{"line":38,"column":34},"end":{"line":38,"column":35}},"loc":{"start":{"line":38,"column":54},"end":{"line":38,"column":75}}}},"branchMap":{},"s":{"0":2,"1":2,"2":2,"3":2,"4":2,"5":2,"6":2,"7":2,"8":2,"9":2,"10":2,"11":2,"12":2,"13":2,"14":4,"15":4,"16":2,"17":2},"f":{"0":4,"1":4},"b":{}}
,"/Users/fernandes/dev/water-control/api/src/device/service/device-history.service.ts": {"path":"/Users/fernandes/dev/water-control/api/src/device/service/device-history.service.ts","statementMap":{"0":{"start":{"line":1,"column":0},"end":{"line":1,"column":44}},"1":{"start":{"line":2,"column":0},"end":{"line":2,"column":51}},"2":{"start":{"line":3,"column":0},"end":{"line":3,"column":37}},"3":{"start":{"line":5,"column":0},"end":{"line":5,"column":64}},"4":{"start":{"line":8,"column":7},"end":{"line":27,"column":null}},"5":{"start":{"line":11,"column":12},"end":{"line":11,"column":37}},"6":{"start":{"line":20,"column":4},"end":{"line":25,"column":7}},"7":{"start":{"line":8,"column":13},"end":{"line":27,"column":null}},"8":{"start":{"line":8,"column":13},"end":{"line":8,"column":33}}},"fnMap":{"0":{"name":"(anonymous_4)","decl":{"start":{"line":9,"column":2},"end":{"line":9,"column":null}},"loc":{"start":{"line":11,"column":62},"end":{"line":12,"column":6}}},"1":{"name":"(anonymous_5)","decl":{"start":{"line":14,"column":2},"end":{"line":14,"column":7}},"loc":{"start":{"line":19,"column":3},"end":{"line":26,"column":3}}}},"branchMap":{},"s":{"0":2,"1":2,"2":2,"3":2,"4":2,"5":4,"6":1,"7":2,"8":2},"f":{"0":4,"1":1},"b":{}}
,"/Users/fernandes/dev/water-control/api/src/device/service/device.service.ts": {"path":"/Users/fernandes/dev/water-control/api/src/device/service/device.service.ts","statementMap":{"0":{"start":{"line":1,"column":0},"end":{"line":1,"column":71}},"1":{"start":{"line":2,"column":0},"end":{"line":2,"column":51}},"2":{"start":{"line":3,"column":0},"end":{"line":3,"column":33}},"3":{"start":{"line":4,"column":0},"end":{"line":4,"column":37}},"4":{"start":{"line":5,"column":0},"end":{"line":5,"column":54}},"5":{"start":{"line":8,"column":0},"end":{"line":8,"column":49}},"6":{"start":{"line":9,"column":0},"end":{"line":9,"column":64}},"7":{"start":{"line":23,"column":15},"end":{"line":23,"column":43}},"8":{"start":{"line":24,"column":2},"end":{"line":24,"column":35}},"9":{"start":{"line":28,"column":7},"end":{"line":184,"column":null}},"10":{"start":{"line":31,"column":12},"end":{"line":31,"column":30}},"11":{"start":{"line":32,"column":21},"end":{"line":32,"column":34}},"12":{"start":{"line":33,"column":21},"end":{"line":33,"column":43}},"13":{"start":{"line":36,"column":4},"end":{"line":40,"column":6}},"14":{"start":{"line":37,"column":6},"end":{"line":39,"column":8}},"15":{"start":{"line":38,"column":8},"end":{"line":38,"column":31}},"16":{"start":{"line":44,"column":4},"end":{"line":44,"column":34}},"17":{"start":{"line":46,"column":22},"end":{"line":46,"column":66}},"18":{"start":{"line":48,"column":4},"end":{"line":48,"column":30}},"19":{"start":{"line":50,"column":4},"end":{"line":50,"column":21}},"20":{"start":{"line":54,"column":22},"end":{"line":56,"column":6}},"21":{"start":{"line":58,"column":4},"end":{"line":66,"column":null}},"22":{"start":{"line":59,"column":6},"end":{"line":59,"column":36}},"23":{"start":{"line":60,"column":6},"end":{"line":60,"column":50}},"24":{"start":{"line":61,"column":28},"end":{"line":61,"column":50}},"25":{"start":{"line":62,"column":6},"end":{"line":62,"column":34}},"26":{"start":{"line":63,"column":6},"end":{"line":63,"column":36}},"27":{"start":{"line":65,"column":6},"end":{"line":65,"column":50}},"28":{"start":{"line":70,"column":19},"end":{"line":72,"column":6}},"29":{"start":{"line":74,"column":4},"end":{"line":74,"column":43}},"30":{"start":{"line":76,"column":4},"end":{"line":76,"column":29}},"31":{"start":{"line":80,"column":4},"end":{"line":80,"column":67}},"32":{"start":{"line":84,"column":20},"end":{"line":88,"column":16}},"33":{"start":{"line":90,"column":4},"end":{"line":90,"column":78}},"34":{"start":{"line":90,"column":35},"end":{"line":90,"column":76}},"35":{"start":{"line":94,"column":4},"end":{"line":97,"column":7}},"36":{"start":{"line":101,"column":32},"end":{"line":101,"column":57}},"37":{"start":{"line":103,"column":4},"end":{"line":105,"column":null}},"38":{"start":{"line":104,"column":6},"end":{"line":104,"column":59}},"39":{"start":{"line":109,"column":35},"end":{"line":109,"column":41}},"40":{"start":{"line":111,"column":26},"end":{"line":111,"column":49}},"41":{"start":{"line":113,"column":26},"end":{"line":113,"column":75}},"42":{"start":{"line":115,"column":4},"end":{"line":115,"column":53}},"43":{"start":{"line":119,"column":57},"end":{"line":119,"column":59}},"44":{"start":{"line":122,"column":27},"end":{"line":129,"column":49}},"45":{"start":{"line":123,"column":19},"end":{"line":123,"column":69}},"46":{"start":{"line":124,"column":6},"end":{"line":126,"column":null}},"47":{"start":{"line":125,"column":8},"end":{"line":125,"column":23}},"48":{"start":{"line":127,"column":6},"end":{"line":127,"column":30}},"49":{"start":{"line":128,"column":6},"end":{"line":128,"column":17}},"50":{"start":{"line":132,"column":4},"end":{"line":140,"column":null}},"51":{"start":{"line":133,"column":26},"end":{"line":133,"column":46}},"52":{"start":{"line":135,"column":6},"end":{"line":139,"column":9}},"53":{"start":{"line":142,"column":37},"end":{"line":144,"column":null}},"54":{"start":{"line":147,"column":4},"end":{"line":147,"column":39}},"55":{"start":{"line":151,"column":4},"end":{"line":151,"column":47}},"56":{"start":{"line":152,"column":4},"end":{"line":177,"column":7}},"57":{"start":{"line":153,"column":18},"end":{"line":153,"column":33}},"58":{"start":{"line":155,"column":28},"end":{"line":155,"column":72}},"59":{"start":{"line":157,"column":32},"end":{"line":160,"column":18}},"60":{"start":{"line":162,"column":6},"end":{"line":164,"column":8}},"61":{"start":{"line":166,"column":6},"end":{"line":171,"column":9}},"62":{"start":{"line":172,"column":6},"end":{"line":176,"column":9}},"63":{"start":{"line":181,"column":4},"end":{"line":181,"column":49}},"64":{"start":{"line":182,"column":4},"end":{"line":182,"column":45}},"65":{"start":{"line":28,"column":13},"end":{"line":184,"column":null}},"66":{"start":{"line":28,"column":13},"end":{"line":28,"column":26}}},"fnMap":{"0":{"name":"formatDate","decl":{"start":{"line":22,"column":9},"end":{"line":22,"column":19}},"loc":{"start":{"line":22,"column":38},"end":{"line":25,"column":1}}},"1":{"name":"(anonymous_5)","decl":{"start":{"line":29,"column":2},"end":{"line":29,"column":null}},"loc":{"start":{"line":33,"column":63},"end":{"line":41,"column":3}}},"2":{"name":"(anonymous_6)","decl":{"start":{"line":36,"column":24},"end":{"line":36,"column":25}},"loc":{"start":{"line":37,"column":6},"end":{"line":39,"column":8}}},"3":{"name":"(anonymous_7)","decl":{"start":{"line":37,"column":18},"end":{"line":37,"column":19}},"loc":{"start":{"line":37,"column":29},"end":{"line":39,"column":7}}},"4":{"name":"(anonymous_8)","decl":{"start":{"line":43,"column":2},"end":{"line":43,"column":7}},"loc":{"start":{"line":43,"column":41},"end":{"line":51,"column":3}}},"5":{"name":"(anonymous_9)","decl":{"start":{"line":53,"column":2},"end":{"line":53,"column":7}},"loc":{"start":{"line":53,"column":53},"end":{"line":67,"column":3}}},"6":{"name":"(anonymous_10)","decl":{"start":{"line":69,"column":2},"end":{"line":69,"column":7}},"loc":{"start":{"line":69,"column":25},"end":{"line":77,"column":3}}},"7":{"name":"(anonymous_11)","decl":{"start":{"line":79,"column":2},"end":{"line":79,"column":7}},"loc":{"start":{"line":79,"column":29},"end":{"line":81,"column":3}}},"8":{"name":"(anonymous_12)","decl":{"start":{"line":83,"column":2},"end":{"line":83,"column":7}},"loc":{"start":{"line":83,"column":15},"end":{"line":91,"column":3}}},"9":{"name":"(anonymous_13)","decl":{"start":{"line":90,"column":23},"end":{"line":90,"column":24}},"loc":{"start":{"line":90,"column":35},"end":{"line":90,"column":76}}},"10":{"name":"(anonymous_14)","decl":{"start":{"line":93,"column":2},"end":{"line":93,"column":9}},"loc":{"start":{"line":93,"column":20},"end":{"line":98,"column":3}}},"11":{"name":"(anonymous_15)","decl":{"start":{"line":100,"column":2},"end":{"line":100,"column":7}},"loc":{"start":{"line":100,"column":29},"end":{"line":106,"column":3}}},"12":{"name":"(anonymous_16)","decl":{"start":{"line":108,"column":2},"end":{"line":108,"column":19}},"loc":{"start":{"line":108,"column":52},"end":{"line":116,"column":3}}},"13":{"name":"(anonymous_17)","decl":{"start":{"line":118,"column":2},"end":{"line":118,"column":30}},"loc":{"start":{"line":118,"column":45},"end":{"line":148,"column":3}}},"14":{"name":"(anonymous_18)","decl":{"start":{"line":122,"column":56},"end":{"line":122,"column":57}},"loc":{"start":{"line":122,"column":73},"end":{"line":129,"column":5}}},"15":{"name":"(anonymous_19)","decl":{"start":{"line":150,"column":2},"end":{"line":150,"column":11}},"loc":{"start":{"line":150,"column":26},"end":{"line":178,"column":3}}},"16":{"name":"(anonymous_20)","decl":{"start":{"line":152,"column":43},"end":{"line":152,"column":44}},"loc":{"start":{"line":152,"column":51},"end":{"line":177,"column":5}}},"17":{"name":"(anonymous_21)","decl":{"start":{"line":180,"column":2},"end":{"line":180,"column":13}},"loc":{"start":{"line":180,"column":28},"end":{"line":183,"column":3}}}},"branchMap":{"0":{"loc":{"start":{"line":58,"column":4},"end":{"line":66,"column":null}},"type":"if","locations":[{"start":{"line":58,"column":4},"end":{"line":66,"column":null}},{"start":{"line":64,"column":11},"end":{"line":66,"column":null}}]},"1":{"loc":{"start":{"line":103,"column":4},"end":{"line":105,"column":null}},"type":"if","locations":[{"start":{"line":103,"column":4},"end":{"line":105,"column":null}}]},"2":{"loc":{"start":{"line":124,"column":6},"end":{"line":126,"column":null}},"type":"if","locations":[{"start":{"line":124,"column":6},"end":{"line":126,"column":null}}]}},"s":{"0":2,"1":2,"2":2,"3":2,"4":2,"5":2,"6":2,"7":1246,"8":1246,"9":2,"10":4,"11":4,"12":4,"13":4,"14":2,"15":8,"16":2,"17":1,"18":1,"19":1,"20":2,"21":2,"22":1,"23":1,"24":1,"25":1,"26":1,"27":1,"28":1,"29":1,"30":1,"31":5,"32":5,"33":3,"34":10,"35":2,"36":5,"37":5,"38":2,"39":2,"40":2,"41":2,"42":2,"43":9,"44":9,"45":6892,"46":6892,"47":1246,"48":6892,"49":6892,"50":9,"51":1246,"52":1246,"53":9,"54":9,"55":11,"56":11,"57":0,"58":0,"59":0,"60":0,"61":0,"62":0,"63":3,"64":3,"65":2,"66":2},"f":{"0":1246,"1":4,"2":2,"3":8,"4":2,"5":2,"6":1,"7":5,"8":5,"9":10,"10":2,"11":5,"12":2,"13":9,"14":6892,"15":11,"16":0,"17":3},"b":{"0":[1,1],"1":[2],"2":[1246]}}
}
